<?xml version="1.0" encoding="UTF-8"?>
<!-- Generated by org.testng.reporters.JUnitReportReporter -->
<testsuite hostname="DESKTOP-N71CFB0" failures="0" tests="2" name="tests.LoginTest" time="73.200" errors="0" timestamp="08 Nov 2023 11:14:37 GMT" skipped="0">
  <testcase classname="tests.LoginTest" name="login" time="43.219"/>
  <testcase classname="tests.LoginTest" name="login" time="29.981"/>
</testsuite> <!-- tests.LoginTest -->
