<?xml version="1.0" encoding="UTF-8"?>
<!-- Generated by org.testng.reporters.JUnitReportReporter -->
<testsuite hostname="DESKTOP-N71CFB0" failures="0" tests="1" name="runner.Runner" time="12.490" errors="0" timestamp="08 Nov 2023 12:01:55 GMT" skipped="0">
  <testcase classname="runner.Runner" name="runScenario" time="12.490"/>
</testsuite> <!-- runner.Runner -->
