<?xml version="1.0" encoding="UTF-8"?>
<!-- Generated by org.testng.reporters.JUnitReportReporter -->
<testsuite hostname="DESKTOP-N71CFB0" failures="0" tests="1" name="tests.TwoTest" time="49.409" errors="0" timestamp="08 Nov 2023 11:14:37 GMT" skipped="0">
  <testcase classname="tests.TwoTest" name="twoTest" time="49.409"/>
</testsuite> <!-- tests.TwoTest -->
