<?xml version="1.0" encoding="UTF-8"?>
<!-- Generated by org.testng.reporters.JUnitReportReporter -->
<testsuite hostname="DESKTOP-N71CFB0" failures="0" tests="2" name="tests.LoginTest" time="79.903" errors="0" timestamp="2023-11-06T20:54:39 IST" skipped="0">
  <testcase classname="tests.LoginTest" name="login" time="15.386"/>
  <testcase classname="tests.LoginTest" name="login" time="64.517"/>
</testsuite> <!-- tests.LoginTest -->
