<?xml version="1.0" encoding="UTF-8"?>
<!-- Generated by org.testng.reporters.JUnitReportReporter -->
<testsuite hostname="DESKTOP-N71CFB0" failures="0" tests="1" name="tests.FourTest" time="0.002" errors="0" timestamp="2023-11-06T20:54:39 IST" skipped="0">
  <testcase classname="tests.FourTest" name="testFour" time="0.002"/>
</testsuite> <!-- tests.FourTest -->
