<?xml version="1.0" encoding="UTF-8"?>
<!-- Generated by org.testng.reporters.JUnitReportReporter -->
<testsuite hostname="DESKTOP-N71CFB0" failures="0" tests="1" name="tests.TwoTest" time="0.009" errors="0" timestamp="2023-11-06T20:54:39 IST" skipped="0">
  <testcase classname="tests.TwoTest" name="twoTest" time="0.009"/>
</testsuite> <!-- tests.TwoTest -->
