<?xml version="1.0" encoding="UTF-8"?>
<!-- Generated by org.testng.reporters.JUnitReportReporter -->
<testsuite hostname="DESKTOP-N71CFB0" failures="0" tests="1" name="tests.ThreeTest" time="0.001" errors="0" timestamp="2023-11-06T20:54:39 IST" skipped="0">
  <testcase classname="tests.ThreeTest" name="testThree" time="0.001"/>
</testsuite> <!-- tests.ThreeTest -->
